<?xml version="1.0" encoding="UTF-8"?>
<!-- Generated by org.testng.reporters.JUnitXMLReporter -->
<testsuite hostname="DSCHD-LAP-039" ignored="0" name="Test" tests="1" failures="0" timestamp="2020-11-21T00:34:33 IST" time="0.347" errors="0">
  <testcase name="@AfterMethod Screenshot" time="0.005" classname="tests.ui.base.BaseTest">
    <failure type="java.lang.NullPointerException">
      <![CDATA[java.lang.NullPointerException
at base.utils.ScreenshotUtil.takeScreenshotForAllure(ScreenshotUtil.java:14)
at tests.ui.base.BaseTest.Screenshot(BaseTest.java:93)
at java.util.ArrayList.forEach(ArrayList.java:1257)
... Removed 32 stack frames]]>
    </failure>
  </testcase> <!-- @AfterMethod Screenshot -->
  <testcase name="@AfterClass TearDown" time="0.0" classname="tests.ui.base.BaseTest">
    <failure type="java.lang.NullPointerException">
      <![CDATA[java.lang.NullPointerException
at tests.ui.base.BaseTest.TearDown(BaseTest.java:104)
at java.util.ArrayList.forEach(ArrayList.java:1257)
... Removed 25 stack frames]]>
    </failure>
  </testcase> <!-- @AfterClass TearDown -->
  <testcase name="validateCartPage" time="0.098" classname="com.test.ProblemStatements.ProblemStatement002"/>
</testsuite> <!-- Test -->
